<?xml version="1.0" encoding="UTF-8"?>
<testsuite errors="0" failures="0" hostname="wanghj-PC" name="edu.buaa.test.ParkPlaceTest" tests="6" time="0.0040" timestamp="2012-12-19T03:33:47">
  <properties />
  <testcase classname="edu.buaa.test.ParkPlaceTest" name="should_fetchSuccess_and_carplaceNum_add_1_if_have_fetched_car_when_fetch" time="0.0" />
  <testcase classname="edu.buaa.test.ParkPlaceTest" name="should_throw_ParkFullException_if_park_full_when_park" time="0.0" />
  <testcase classname="edu.buaa.test.ParkPlaceTest" name="should_get_the_CorrectAvailableNum" time="0.0010" />
  <testcase classname="edu.buaa.test.ParkPlaceTest" name="should_get_ticket_if_park_success_when_park" time="0.0" />
  <testcase classname="edu.buaa.test.ParkPlaceTest" name="should_carplaceNum_Minus_1_if_have_empty_Carplace_when_park" time="0.0" />
  <testcase classname="edu.buaa.test.ParkPlaceTest" name="should_fetch_the_correct_car_if_ticket_correct_when_fetch" time="0.0" />
  <system-out><![CDATA[]]></system-out>
  <system-err><![CDATA[]]></system-err>
</testsuite>
