<?xml version="1.0" encoding="UTF-8"?>
<testsuite errors="0" failures="0" hostname="wanghj-PC" name="edu.buaa.test.MaxAvailableRateParkingTest" tests="3" time="0.028" timestamp="2012-12-19T03:33:47">
  <properties />
  <testcase classname="edu.buaa.test.MaxAvailableRateParkingTest" name="should_park_in_the_first_parkplace_when_two_empty" time="0.01" />
  <testcase classname="edu.buaa.test.MaxAvailableRateParkingTest" name="should_park_in_the_first_parkplace_when_firstPark_hasLessPlaces_but_greaterAvailableRate" time="0.0" />
  <testcase classname="edu.buaa.test.MaxAvailableRateParkingTest" name="should_park_in_the_second_parkplace_when_second_had_greaterAvailableRate" time="0.0010" />
  <system-out><![CDATA[]]></system-out>
  <system-err><![CDATA[]]></system-err>
</testsuite>
