<?xml version="1.0" encoding="UTF-8"?>
<testsuite errors="0" failures="0" hostname="wanghj-PC" name="edu.buaa.testFinalExam.ParkingDirectorTest" tests="6" time="0.044" timestamp="2012-12-19T03:33:47">
  <properties />
  <testcase classname="edu.buaa.testFinalExam.ParkingDirectorTest" name="should_print_the_correct_String_when_print_parkingBoy_if_never_parkCar" time="0.018" />
  <testcase classname="edu.buaa.testFinalExam.ParkingDirectorTest" name="should_print_the_correct_String_when_print_parkPlace_if_have_parkCar_but_NotFull" time="0.0" />
  <testcase classname="edu.buaa.testFinalExam.ParkingDirectorTest" name="should_print_the_correct_String_when_print_parkPlace_if_never_parkCar" time="0.0" />
  <testcase classname="edu.buaa.testFinalExam.ParkingDirectorTest" name="should_print_the_correct_String_when_print_parkingManager_if_have_parkCar_but_NotFull" time="0.0020" />
  <testcase classname="edu.buaa.testFinalExam.ParkingDirectorTest" name="should_print_the_correct_String_when_print_parkingBoy_if_have_parkCar_but_NotFull" time="0.0010" />
  <testcase classname="edu.buaa.testFinalExam.ParkingDirectorTest" name="should_print_the_correct_String_when_print_parkingManager_if_never_parkCar" time="0.0020" />
  <system-out><![CDATA[未停车的ParkingBoy展示....
停车场编号：1
    车位数：20
    空位数：20
停车场编号：2
    车位数：10
    空位数：10
Total车位数：30
Total空位数：30

已停车的ParkPlace展示....
车位数：50
空位数：45

未停车的ParkPlace展示....
车位数：50
空位数：50

已停车的ParkingManager展示....
停车场编号：1
    车位数：30
    空位数：29
停车场编号：2
    车位数：40
    空位数：38
Total车位数：70
Total空位数：67
停车仔编号：1
    停车场编号：1
        车位数：10
        空位数：10
    停车场编号：2
        车位数：20
        空位数：20
    Total车位数：30
    Total空位数：30
停车仔编号：2
    停车场编号：1
        车位数：20
        空位数：20
    停车场编号：2
        车位数：40
        空位数：40
    Total车位数：60
    Total空位数：60
停车仔编号：3
    停车场编号：1
        车位数：30
        空位数：25
    停车场编号：2
        车位数：50
        空位数：42
    Total车位数：80
    Total空位数：67
Total车位数：240
Total空位数：224

已停车的ParkingBoy展示....
停车场编号：1
    车位数：20
    空位数：16
停车场编号：2
    车位数：10
    空位数：10
Total车位数：30
Total空位数：26

未停车的ParkingManager展示....
停车场编号：1
    车位数：30
    空位数：30
停车场编号：2
    车位数：40
    空位数：40
Total车位数：70
Total空位数：70
停车仔编号：1
    停车场编号：1
        车位数：10
        空位数：10
    停车场编号：2
        车位数：20
        空位数：20
    Total车位数：30
    Total空位数：30
停车仔编号：2
    停车场编号：1
        车位数：20
        空位数：20
    停车场编号：2
        车位数：40
        空位数：40
    Total车位数：60
    Total空位数：60
停车仔编号：3
    停车场编号：1
        车位数：30
        空位数：30
    停车场编号：2
        车位数：50
        空位数：50
    Total车位数：80
    Total空位数：80
Total车位数：240
Total空位数：240

]]></system-out>
  <system-err><![CDATA[]]></system-err>
</testsuite>
