<?xml version="1.0" encoding="UTF-8"?>
<testsuite errors="0" failures="0" hostname="wanghj-PC" name="edu.buaa.test.FirstAvailableParkingTest" tests="2" time="0.097" timestamp="2012-12-19T03:33:47">
  <properties />
  <testcase classname="edu.buaa.test.FirstAvailableParkingTest" name="should_have_no_parkPlace_when_getTheFirstParkPlace_AvailableNum_if_park_moreThan_theFirstCapacity" time="0.016" />
  <testcase classname="edu.buaa.test.FirstAvailableParkingTest" name="should_park_inTheFirstParkplace_when_parkCar_if_theFirstParkPlace_notFull" time="0.0" />
  <system-out><![CDATA[]]></system-out>
  <system-err><![CDATA[]]></system-err>
</testsuite>
